<?xml version="1.0" encoding="UTF-8"?>
<testsuites name="Logowanie" time="39" tests="1" failures="1" errors="0">
   <testsuite name="Logowanie" tests="1" failures="1" errors="0" time="39" timestamp="2018-08-21 14:56:29" hostname="Kajetan Kaczmarek - LAPTOP-2OLM88US" id="Test Suites/Logowanie">
      <properties>
         <property name="deviceName" value=""/>
         <property name="devicePlatform" value=""/>
         <property name="logFolder" value="C:\\Users\\Kajetan Kaczmarek\\Katalon Studio\\In-Zamowienia-Publiczne\\Reports\\Logowanie\\20180821_145624"/>
         <property name="logFiles" value="C:\\Users\\Kajetan Kaczmarek\\Katalon Studio\\In-Zamowienia-Publiczne\\Reports\\Logowanie\\20180821_145624\\execution0.log"/>
         <property name="attachments" value="C:\\Users\\Kajetan Kaczmarek\\Katalon Studio\\In-Zamowienia-Publiczne\\Reports\\Logowanie\\20180821_145624\\1534856222110.png"/>
         <property name="hostName" value="Kajetan Kaczmarek - LAPTOP-2OLM88US"/>
         <property name="os" value="Windows 10 64bit"/>
         <property name="katalonVersion" value="5.6.0.1"/>
         <property name="browser" value="Chrome 68.0.3440.106"/>
         <property name="hostAddress" value="192.168.20.91"/>
         <property name="sessionId" value="cc9f01b9f84a1524bcf6cec5e09f1e01"/>
         <property name="seleniumVersion" value="3.7.1"/>
         <property name="proxyInformation" value="ProxyInformation{proxyOption=NO_PROXY, proxyServerType=HTTP, password=, proxyServerAddress=, proxyServerPort=0}"/>
         <property name="platform" value="Windows 10"/>
      </properties>
      <testcase name="Test Cases/Logowanie/Wejscie na strone" classname="Test Cases/Logowanie/Wejscie na strone" status="FAILED">
         <failure type="FAILED" message="Unable to double click on object (Root cause: java.lang.IllegalArgumentException: Object is null)"/>
         <system-out><![CDATA[2018-08-21 14:56:31 - [TEST_CASE][FAILED] - Test Cases/Logowanie/Wejscie na strone: Test Cases/Logowanie/Wejscie na strone FAILED because (of) Unable to double click on object (Root cause: java.lang.IllegalArgumentException: Object is null)

2018-08-21 14:56:32 - [TEST_STEP][PASSED] - openBrowser: Browser is opened with url: ''

2018-08-21 14:56:41 - [MESSAGE][PASSED] - Browser is opened with url: ''

2018-08-21 14:56:41 - [TEST_STEP][PASSED] - Statement - autoit_prj = "C:\inzamon\login11.exe": null

2018-08-21 14:56:41 - [TEST_STEP][PASSED] - Statement - java.lang.Runtime.getRuntime().exec(autoit_prj): null

2018-08-21 14:56:41 - [TEST_STEP][PASSED] - navigateToUrl: Navigate to 'http:\drb1.pl.hostingasp.pl' successfully

2018-08-21 14:56:58 - [MESSAGE][PASSED] - Navigate to 'http:\drb1.pl.hostingasp.pl' successfully

2018-08-21 14:56:58 - [TEST_STEP][PASSED] - Statement - java.lang.Thread.sleep(3000): null

2018-08-21 14:57:01 - [TEST_STEP][FAILED] - doubleClick: Unable to double click on object (Root cause: java.lang.IllegalArgumentException: Object is null)

2018-08-21 14:57:01 - [MESSAGE][WARNING] - Test object with id 'Object Repository/InZaMon/input_form-control ng-pristine login-page-login' does not exist

2018-08-21 14:57:02 - [MESSAGE][WARNING] - Test object with id 'Object Repository/' does not exist

2018-08-21 14:57:02 - [MESSAGE][FAILED] - Unable to double click on object (Root cause: java.lang.IllegalArgumentException: Object is null)
[[ATTACHMENT|C:\\Users\\Kajetan Kaczmarek\\Katalon Studio\\In-Zamowienia-Publiczne\\Reports\\Logowanie\\20180821_145624\\1534856222110.png]]]]></system-out>
         <system-err><![CDATA[2018-08-21 14:56:31 - [TEST_CASE][FAILED] - Test Cases/Logowanie/Wejscie na strone: Test Cases/Logowanie/Wejscie na strone FAILED because (of) Unable to double click on object (Root cause: java.lang.IllegalArgumentException: Object is null)]]></system-err>
      </testcase>
      <testcase name="Test Cases/Logowanie/Logowanie poprawne" classname="Test Cases/Logowanie/Logowanie poprawne" status="PASSED">
         <system-out><![CDATA[2018-08-21 14:57:02 - [TEST_CASE][PASSED] - Test Cases/Logowanie/Logowanie poprawne: Test Cases/Logowanie/Logowanie poprawne

2018-08-21 14:57:03 - [TEST_STEP][PASSED] - Statement - autoit_prj = "C:\inzamon\login-correct.exe": null

2018-08-21 14:57:03 - [TEST_STEP][PASSED] - Statement - java.lang.Runtime.getRuntime().exec(autoit_prj): null

2018-08-21 14:57:03 - [TEST_STEP][PASSED] - Statement - java.lang.Thread.sleep(5000): null]]></system-out>
         <system-err><![CDATA[]]></system-err>
      </testcase>
      <system-out><![CDATA[2018-08-21 14:56:29 - [TEST_SUITE][FAILED] - Logowanie: Test Cases/Logowanie/Wejscie na strone FAILED because (of) Unable to double click on object (Root cause: java.lang.IllegalArgumentException: Object is null)]]></system-out>
      <system-err><![CDATA[2018-08-21 14:56:29 - [TEST_SUITE][FAILED] - Logowanie: Test Cases/Logowanie/Wejscie na strone FAILED because (of) Unable to double click on object (Root cause: java.lang.IllegalArgumentException: Object is null)]]></system-err>
   </testsuite>
</testsuites>
